2022-02-25T16:07:10.084Z [INFO   ] : i am listening on 8101  {}
2022-02-25T16:07:23.947Z [INFO   ] : i am listening on 8101  {}
2022-02-25T16:07:29.826Z [INFO   ] : i am listening on 8101  {}
2022-02-25T16:08:52.025Z [INFO   ] : i am listening on 8101  {}
2022-02-25T16:09:15.501Z [INFO   ] : i am listening on 8101  {}
2022-02-25T16:09:25.391Z [INFO   ] : i am listening on 8101  {}
2022-02-25T16:10:00.198Z [INFO   ] : i am listening on 8101  {}
2022-02-25T16:10:32.797Z [INFO   ] : i am listening on 8101  {}
2022-02-25T16:10:43.889Z [INFO   ] : i am listening on 8101  {}
2022-02-25T16:10:47.494Z [INFO   ] : i am listening on 8101  {}
2022-02-25T16:11:06.719Z [INFO   ] : i am listening on 8101  {}
2022-02-25T16:13:16.543Z [INFO   ] : i am listening on 8101  {}
2022-02-25T16:15:01.813Z [INFO   ] : i am listening on 8101  {}
2022-02-25T16:15:28.113Z [INFO   ] : i am listening on 8101  {}
2022-02-25T16:16:31.912Z [INFO   ] : i am listening on 8101  {}
2022-02-25T16:16:45.034Z [INFO   ] : i am listening on 8101  {}
2022-02-25T16:17:51.280Z [INFO   ] : i am listening on 8101  {}
2022-02-25T16:18:31.591Z [INFO   ] : i am listening on 8101  {}
2022-02-25T16:18:48.434Z [INFO   ] : i am listening on 8101  {}
2022-02-25T16:19:01.212Z [INFO   ] : i am listening on 8101  {}
2022-02-25T16:24:31.992Z [INFO   ] : i am listening on 8101  {}
2022-02-25T16:25:25.217Z [INFO   ] : i am listening on 8101  {}
2022-02-25T16:25:30.824Z [INFO   ] : Seems you got lost. so sorry {}
2022-02-25T16:25:31.111Z [INFO   ] : Seems you got lost. so sorry {}
2022-02-25T16:25:42.767Z [INFO   ] : i am listening on 8101  {}
2022-02-25T16:27:17.734Z [INFO   ] : i am listening on 8101  {}
2022-02-25T16:28:21.005Z [INFO   ] : i am listening on 8101  {}
2022-02-25T16:29:59.685Z [INFO   ] : i am listening on 8101  {}
2022-02-25T16:30:24.128Z [INFO   ] : i am listening on 8101  {}
2022-02-25T16:32:24.234Z [INFO   ] : i am listening on 8101  {}
2022-02-25T16:33:59.760Z [INFO   ] : i am listening on 8101  {}
2022-02-25T16:34:26.696Z [INFO   ] : i am listening on 8101  {}
2022-02-25T16:34:36.153Z [INFO   ] : i am listening on 8101  {}
2022-02-25T16:37:01.448Z [INFO   ] : i am listening on 8101  {}
2022-02-25T16:37:21.717Z [INFO   ] : i am listening on 8101  {}
2022-02-25T16:37:40.542Z [INFO   ] : i am listening on 8101  {}
2022-02-25T16:37:55.786Z [INFO   ] : i am listening on 8101  {}
2022-02-25T16:38:24.203Z [INFO   ] : i am listening on 8101  {}
2022-02-25T16:39:00.160Z [INFO   ] : i am listening on 8101  {}
2022-02-25T16:41:17.815Z [INFO   ] : i am listening on 8101  {}
2022-02-25T16:42:00.068Z [INFO   ] : i am listening on 8101  {}
2022-02-25T16:42:47.127Z [INFO   ] : i am listening on 8101  {}
2022-02-25T16:44:39.553Z [INFO   ] : i am listening on 8101  {}
2022-02-25T16:44:41.881Z [INFO   ] : i am listening on 8101  {}
2022-02-25T16:44:44.603Z [INFO   ] : Seems you got lost. so sorry {}
2022-02-25T16:44:50.570Z [INFO   ] : i am listening on 8101  {}
2022-02-25T16:45:03.739Z [INFO   ] : i am listening on 8101  {}
2022-02-25T16:45:28.700Z [INFO   ] : i am listening on 8101  {}
2022-02-25T16:45:41.678Z [INFO   ] : i am listening on 8101  {}
2022-02-25T16:46:04.186Z [INFO   ] : i am listening on 8101  {}
2022-02-25T16:46:37.534Z [INFO   ] : i am listening on 8101  {}
2022-02-25T16:46:54.098Z [INFO   ] : i am listening on 8101  {}
2022-02-25T16:47:11.784Z [INFO   ] : i am listening on 8101  {}
2022-02-25T16:47:21.071Z [INFO   ] : i am listening on 8101  {}
2022-02-25T16:48:22.730Z [INFO   ] : Seems you got lost. so sorry {}
2022-02-25T16:48:24.841Z [INFO   ] : Seems you got lost. so sorry {}
2022-02-25T16:48:26.424Z [INFO   ] : Seems you got lost. so sorry {}
2022-02-25T16:48:26.993Z [INFO   ] : Seems you got lost. so sorry {}
2022-02-25T16:48:30.985Z [INFO   ] : Seems you got lost. so sorry {}
2022-02-25T16:53:54.904Z [INFO   ] : i am listening on 8101  {}
2022-02-25T16:55:24.238Z [INFO   ] : i am listening on 8101  {}
2022-02-25T16:55:53.144Z [INFO   ] : i am listening on 8101  {}
2022-02-25T16:56:25.764Z [INFO   ] : i am listening on 8101  {}
2022-02-25T16:56:58.932Z [INFO   ] : i am listening on 8101  {}
2022-02-25T16:57:36.125Z [INFO   ] : i am listening on 8101  {}
2022-02-25T16:58:27.521Z [INFO   ] : i am listening on 8101  {}
2022-02-25T16:59:17.335Z [INFO   ] : i am listening on 8101  {}
2022-02-25T16:59:58.083Z [INFO   ] : i am listening on 8101  {}
2022-02-25T17:01:04.085Z [INFO   ] : i am listening on 8101  {}
2022-02-26T12:29:16.438Z [INFO   ] : Seems you got lost. so sorry {}
2022-02-28T09:04:05.261Z [INFO   ] : i am listening on 8800  {}
2022-02-28T09:04:53.355Z [INFO   ] : i am listening on 8800  {}
2022-02-28T09:04:53.371Z [INFO   ] : successfully connected: 49  {}
2022-02-28T09:08:04.074Z [INFO   ] : Seems you got lost. so sorry {}
2022-02-28T09:09:00.992Z [INFO   ] : i am listening on 8800  {}
2022-02-28T09:09:01.009Z [INFO   ] : successfully connected: 52  {}
2022-02-28T09:09:59.038Z [INFO   ] : i am listening on 8800  {}
2022-02-28T09:09:59.053Z [INFO   ] : successfully connected: 53  {}
2022-02-28T09:10:26.431Z [INFO   ] : i am listening on 8800  {}
2022-02-28T09:10:26.448Z [INFO   ] : successfully connected: 54  {}
2022-02-28T09:11:36.940Z [INFO   ] : i am listening on 8800  {}
2022-02-28T09:11:36.956Z [INFO   ] : successfully connected: 55  {}
2022-02-28T09:11:46.430Z [INFO   ] : Seems you got lost. so sorry {}
2022-02-28T09:12:27.047Z [INFO   ] : i am listening on 8800  {}
2022-02-28T09:12:27.063Z [INFO   ] : successfully connected: 56  {}
2022-02-28T09:13:53.315Z [INFO   ] : i am listening on 8800  {}
2022-02-28T09:13:53.331Z [INFO   ] : successfully connected: 57  {}
2022-02-28T09:14:57.815Z [INFO   ] : i am listening on 8800  {}
2022-02-28T09:14:57.831Z [INFO   ] : successfully connected: 58  {}
2022-02-28T09:15:13.321Z [INFO   ] : i am listening on 8800  {}
2022-02-28T09:15:13.336Z [INFO   ] : successfully connected: 59  {}
2022-02-28T09:16:02.155Z [INFO   ] : i am listening on 8800  {}
2022-02-28T09:16:02.171Z [INFO   ] : successfully connected: 60  {}
2022-02-28T09:17:30.100Z [INFO   ] : i am listening on 8800  {}
2022-02-28T09:17:30.117Z [INFO   ] : successfully connected: 61  {}
2022-02-28T09:18:30.651Z [INFO   ] : i am listening on 8800  {}
2022-02-28T09:18:30.665Z [INFO   ] : successfully connected: 62  {}
2022-02-28T09:18:36.477Z [INFO   ] : i am listening on 8800  {}
2022-02-28T09:18:36.490Z [INFO   ] : successfully connected: 63  {}
2022-02-28T09:18:53.069Z [INFO   ] : i am listening on 8800  {}
2022-02-28T09:18:53.082Z [INFO   ] : successfully connected: 64  {}
2022-02-28T09:19:12.708Z [INFO   ] : i am listening on 8800  {}
2022-02-28T09:19:12.721Z [INFO   ] : successfully connected: 65  {}
2022-02-28T09:19:41.049Z [INFO   ] : i am listening on 8800  {}
2022-02-28T09:19:41.066Z [INFO   ] : successfully connected: 66  {}
2022-02-28T09:20:53.471Z [INFO   ] : i am listening on 8800  {}
2022-02-28T09:20:53.487Z [INFO   ] : successfully connected: 67  {}
2022-02-28T09:21:04.876Z [INFO   ] : i am listening on 8800  {}
2022-02-28T09:21:04.891Z [INFO   ] : successfully connected: 68  {}
2022-02-28T09:21:40.966Z [INFO   ] : i am listening on 8800  {}
2022-02-28T09:21:40.982Z [INFO   ] : successfully connected: 69  {}
2022-02-28T09:21:56.711Z [INFO   ] : i am listening on 8800  {}
2022-02-28T09:21:56.727Z [INFO   ] : successfully connected: 70  {}
2022-02-28T09:22:48.649Z [INFO   ] : i am listening on 8800  {}
2022-02-28T09:22:48.666Z [INFO   ] : successfully connected: 73  {}
2022-02-28T09:23:08.511Z [INFO   ] : i am listening on 8800  {}
2022-02-28T09:23:08.529Z [INFO   ] : successfully connected: 74  {}
2022-02-28T09:23:25.582Z [INFO   ] : i am listening on 8800  {}
2022-02-28T09:23:25.598Z [INFO   ] : successfully connected: 75  {}
2022-02-28T09:23:38.542Z [INFO   ] : i am listening on 8800  {}
2022-02-28T09:23:38.580Z [INFO   ] : successfully connected: 76  {}
2022-02-28T14:29:37.331Z [INFO   ] : i am listening on 8800  {}
2022-02-28T14:29:37.353Z [INFO   ] : successfully connected: 55  {}
2022-02-28T14:30:22.719Z [INFO   ] : i am listening on 8800  {}
2022-02-28T14:30:22.735Z [INFO   ] : successfully connected: 56  {}
2022-02-28T14:30:36.609Z [INFO   ] : i am listening on 8800  {}
2022-02-28T14:30:36.623Z [INFO   ] : successfully connected: 57  {}
2022-02-28T14:30:43.781Z [INFO   ] : i am listening on 8800  {}
2022-02-28T14:30:43.796Z [INFO   ] : successfully connected: 58  {}
2022-02-28T14:31:00.151Z [INFO   ] : i am listening on 8800  {}
2022-02-28T14:31:00.165Z [INFO   ] : successfully connected: 59  {}
2022-03-09T18:34:42.633Z [INFO   ] : i am listening on 8700  {}
2022-03-09T18:34:48.604Z [INFO   ] : i am listening on 8700  {}
2022-03-09T18:35:30.335Z [INFO   ] : i am listening on 8700  {}
2022-03-09T18:35:51.747Z [INFO   ] : i am listening on 8700  {}
2022-03-09T18:36:22.933Z [INFO   ] : i am listening on 8700  {}
2022-03-09T18:51:02.413Z [INFO   ] : i am listening on 8700  {}
2022-03-09T18:51:02.449Z [INFO   ] : successfully connected: 531  {}
2022-03-09T18:53:12.922Z [INFO   ] : i am listening on 8700  {}
2022-03-09T18:53:12.953Z [INFO   ] : successfully connected: 532  {}
2022-03-09T18:53:36.421Z [INFO   ] : i am listening on 8700  {}
2022-03-09T18:53:36.453Z [INFO   ] : successfully connected: 533  {}
2022-03-09T18:54:22.904Z [INFO   ] : i am listening on 8700  {}
2022-03-09T18:54:22.949Z [INFO   ] : successfully connected: 534  {}
2022-03-09T18:59:35.357Z [INFO   ] : i am listening on 8700  {}
2022-03-09T18:59:35.416Z [INFO   ] : successfully connected: 535  {}
2022-03-09T18:59:36.676Z [INFO   ] : i am listening on 8700  {}
2022-03-09T18:59:36.715Z [INFO   ] : successfully connected: 536  {}
2022-03-09T18:59:44.044Z [INFO   ] : i am listening on 8700  {}
2022-03-09T18:59:44.071Z [INFO   ] : successfully connected: 537  {}
2022-03-09T18:59:57.086Z [INFO   ] : i am listening on 8700  {}
2022-03-09T18:59:57.118Z [INFO   ] : successfully connected: 538  {}
2022-03-09T19:11:15.177Z [ERROR  ] : Error occured from checking if user exists:  Error: Table 'lendsqr.users' doesn't exist
    at Packet.asError (/Users/azeezsodiq/Desktop/Lendsqr/lendsqr/node_modules/mysql2/lib/packets/packet.js:728:17)
    at Query.execute (/Users/azeezsodiq/Desktop/Lendsqr/lendsqr/node_modules/mysql2/lib/commands/command.js:29:26)
    at Connection.handlePacket (/Users/azeezsodiq/Desktop/Lendsqr/lendsqr/node_modules/mysql2/lib/connection.js:456:32)
    at PacketParser.onPacket (/Users/azeezsodiq/Desktop/Lendsqr/lendsqr/node_modules/mysql2/lib/connection.js:85:12)
    at PacketParser.executeStart (/Users/azeezsodiq/Desktop/Lendsqr/lendsqr/node_modules/mysql2/lib/packet_parser.js:75:16)
    at Socket.<anonymous> (/Users/azeezsodiq/Desktop/Lendsqr/lendsqr/node_modules/mysql2/lib/connection.js:92:25)
    at Socket.emit (node:events:390:28)
    at addChunk (node:internal/streams/readable:315:12)
    at readableAddChunk (node:internal/streams/readable:289:9)
    at Socket.Readable.push (node:internal/streams/readable:228:10) {
  code: 'ER_NO_SUCH_TABLE',
  errno: 1146,
  sqlState: '42S02',
  sqlMessage: "Table 'lendsqr.users' doesn't exist",
  sql: "select * from users where email='azeezsodiqkayode@gmail.com' or phone='08131826967'"
} {}
2022-03-09T19:12:27.264Z [INFO   ] : i am listening on 8700  {}
2022-03-09T19:12:27.325Z [INFO   ] : successfully connected: 541  {}
2022-03-09T19:12:35.483Z [INFO   ] : i am listening on 8700  {}
2022-03-09T19:12:36.079Z [INFO   ] : successfully connected: 542  {}
2022-03-09T19:12:49.212Z [INFO   ] : i am listening on 8700  {}
2022-03-09T19:12:49.258Z [INFO   ] : successfully connected: 543  {}
2022-03-09T19:13:02.819Z [ERROR  ] : Error occured from checking if user exists:  Error: Unknown column 'phone' in 'where clause'
    at Packet.asError (/Users/azeezsodiq/Desktop/Lendsqr/lendsqr/node_modules/mysql2/lib/packets/packet.js:728:17)
    at Query.execute (/Users/azeezsodiq/Desktop/Lendsqr/lendsqr/node_modules/mysql2/lib/commands/command.js:29:26)
    at Connection.handlePacket (/Users/azeezsodiq/Desktop/Lendsqr/lendsqr/node_modules/mysql2/lib/connection.js:456:32)
    at PacketParser.onPacket (/Users/azeezsodiq/Desktop/Lendsqr/lendsqr/node_modules/mysql2/lib/connection.js:85:12)
    at PacketParser.executeStart (/Users/azeezsodiq/Desktop/Lendsqr/lendsqr/node_modules/mysql2/lib/packet_parser.js:75:16)
    at Socket.<anonymous> (/Users/azeezsodiq/Desktop/Lendsqr/lendsqr/node_modules/mysql2/lib/connection.js:92:25)
    at Socket.emit (node:events:390:28)
    at addChunk (node:internal/streams/readable:315:12)
    at readableAddChunk (node:internal/streams/readable:289:9)
    at Socket.Readable.push (node:internal/streams/readable:228:10) {
  code: 'ER_BAD_FIELD_ERROR',
  errno: 1054,
  sqlState: '42S22',
  sqlMessage: "Unknown column 'phone' in 'where clause'",
  sql: "select * from users where email='azeezsodiqkayode@gmail.com' or phone='08131826967'"
} {}
2022-03-09T19:19:57.170Z [INFO   ] : i am listening on 8700  {}
2022-03-09T19:19:57.206Z [INFO   ] : successfully connected: 611  {}
2022-03-09T19:21:32.589Z [INFO   ] : i am listening on 8700  {}
2022-03-09T19:21:32.641Z [INFO   ] : successfully connected: 681  {}
2022-03-09T19:25:27.195Z [INFO   ] : i am listening on 8700  {}
2022-03-09T19:25:27.287Z [INFO   ] : successfully connected: 727  {}
2022-03-09T19:28:31.506Z [INFO   ] : i am listening on 8700  {}
2022-03-09T19:28:31.555Z [INFO   ] : successfully connected: 755  {}
2022-03-09T19:35:43.287Z [INFO   ] : i am listening on 8700  {}
2022-03-09T19:35:43.399Z [INFO   ] : successfully connected: 778  {}
2022-03-09T19:41:25.344Z [INFO   ] : i am listening on 8700  {}
2022-03-09T19:41:25.525Z [INFO   ] : successfully connected: 785  {}
2022-03-10T08:06:40.518Z [INFO   ] : i am listening on 8700  {}
2022-03-10T08:06:40.576Z [INFO   ] : successfully connected: 74  {}
2022-03-10T10:12:08.188Z [INFO   ] : i am listening on 8700  {}
2022-03-10T10:12:08.251Z [INFO   ] : successfully connected: 136  {}
2022-03-10T10:45:31.778Z [INFO   ] : i am listening on 8700  {}
2022-03-10T10:45:44.890Z [INFO   ] : i am listening on 8700  {}
2022-03-10T10:46:42.877Z [INFO   ] : i am listening on 8700  {}
2022-03-10T10:47:17.095Z [INFO   ] : i am listening on 8700  {}
2022-03-10T10:48:50.925Z [INFO   ] : i am listening on 8700  {}
2022-03-10T10:50:07.753Z [INFO   ] : i am listening on 8700  {}
2022-03-10T10:53:40.538Z [INFO   ] : i am listening on 8700  {}
2022-03-10T10:55:21.616Z [INFO   ] : i am listening on 8700  {}
2022-03-10T10:57:01.287Z [INFO   ] : i am listening on 8700  {}
2022-03-10T11:52:24.371Z [INFO   ] : i am listening on 8700  {}
2022-03-10T14:02:55.845Z [INFO   ] : i am listening on 8700  {}
2022-03-10T14:03:26.474Z [ERROR  ] : Error occured from checking if user exists:  ErrorCtor [CustomError]: EmptyResponse
    at Child.<anonymous> (/Users/azeezsodiq/Desktop/Lendsqr/lendsqr/node_modules/bookshelf/lib/model.js:719:21)
    at processImmediate (node:internal/timers:464:21)
From previous event:
    at Child.<anonymous> (/Users/azeezsodiq/Desktop/Lendsqr/lendsqr/node_modules/bookshelf/lib/model.js:717:12)
From previous event:
    at Child.fetch (/Users/azeezsodiq/Desktop/Lendsqr/lendsqr/node_modules/bookshelf/lib/model.js:702:19)
    at createNewUser (/Users/azeezsodiq/Desktop/Lendsqr/lendsqr/controllers/users.controllers.js:95:119)
    at Layer.handle [as handle_request] (/Users/azeezsodiq/Desktop/Lendsqr/lendsqr/node_modules/express/lib/router/layer.js:95:5)
    at next (/Users/azeezsodiq/Desktop/Lendsqr/lendsqr/node_modules/express/lib/router/route.js:137:13)
    at Route.dispatch (/Users/azeezsodiq/Desktop/Lendsqr/lendsqr/node_modules/express/lib/router/route.js:112:3)
    at Layer.handle [as handle_request] (/Users/azeezsodiq/Desktop/Lendsqr/lendsqr/node_modules/express/lib/router/layer.js:95:5)
    at /Users/azeezsodiq/Desktop/Lendsqr/lendsqr/node_modules/express/lib/router/index.js:281:22
    at Function.process_params (/Users/azeezsodiq/Desktop/Lendsqr/lendsqr/node_modules/express/lib/router/index.js:341:12)
    at next (/Users/azeezsodiq/Desktop/Lendsqr/lendsqr/node_modules/express/lib/router/index.js:275:10)
    at Function.handle (/Users/azeezsodiq/Desktop/Lendsqr/lendsqr/node_modules/express/lib/router/index.js:174:3)
    at router (/Users/azeezsodiq/Desktop/Lendsqr/lendsqr/node_modules/express/lib/router/index.js:47:12)
    at Layer.handle [as handle_request] (/Users/azeezsodiq/Desktop/Lendsqr/lendsqr/node_modules/express/lib/router/layer.js:95:5)
    at trim_prefix (/Users/azeezsodiq/Desktop/Lendsqr/lendsqr/node_modules/express/lib/router/index.js:323:13)
    at /Users/azeezsodiq/Desktop/Lendsqr/lendsqr/node_modules/express/lib/router/index.js:284:7
    at Function.process_params (/Users/azeezsodiq/Desktop/Lendsqr/lendsqr/node_modules/express/lib/router/index.js:341:12)
    at next (/Users/azeezsodiq/Desktop/Lendsqr/lendsqr/node_modules/express/lib/router/index.js:275:10)
    at logger (/Users/azeezsodiq/Desktop/Lendsqr/lendsqr/node_modules/morgan/index.js:144:5)
    at Layer.handle [as handle_request] (/Users/azeezsodiq/Desktop/Lendsqr/lendsqr/node_modules/express/lib/router/layer.js:95:5)
    at trim_prefix (/Users/azeezsodiq/Desktop/Lendsqr/lendsqr/node_modules/express/lib/router/index.js:323:13)
    at /Users/azeezsodiq/Desktop/Lendsqr/lendsqr/node_modules/express/lib/router/index.js:284:7 {}
2022-03-10T14:04:27.669Z [INFO   ] : i am listening on 8700  {}
2022-03-10T14:04:35.859Z [INFO   ] : i am listening on 8700  {}
2022-03-10T14:04:40.326Z [INFO   ] : i am listening on 8700  {}
2022-03-10T14:04:49.262Z [INFO   ] : i am listening on 8700  {}
2022-03-10T14:04:54.205Z [ERROR  ] : Error occured from checking if user exists:  ErrorCtor [CustomError]: EmptyResponse
    at Child.<anonymous> (/Users/azeezsodiq/Desktop/Lendsqr/lendsqr/node_modules/bookshelf/lib/model.js:719:21)
    at processImmediate (node:internal/timers:464:21)
From previous event:
    at Child.<anonymous> (/Users/azeezsodiq/Desktop/Lendsqr/lendsqr/node_modules/bookshelf/lib/model.js:717:12)
From previous event:
    at Child.fetch (/Users/azeezsodiq/Desktop/Lendsqr/lendsqr/node_modules/bookshelf/lib/model.js:702:19)
    at createNewUser (/Users/azeezsodiq/Desktop/Lendsqr/lendsqr/controllers/users.controllers.js:95:119)
    at Layer.handle [as handle_request] (/Users/azeezsodiq/Desktop/Lendsqr/lendsqr/node_modules/express/lib/router/layer.js:95:5)
    at next (/Users/azeezsodiq/Desktop/Lendsqr/lendsqr/node_modules/express/lib/router/route.js:137:13)
    at Route.dispatch (/Users/azeezsodiq/Desktop/Lendsqr/lendsqr/node_modules/express/lib/router/route.js:112:3)
    at Layer.handle [as handle_request] (/Users/azeezsodiq/Desktop/Lendsqr/lendsqr/node_modules/express/lib/router/layer.js:95:5)
    at /Users/azeezsodiq/Desktop/Lendsqr/lendsqr/node_modules/express/lib/router/index.js:281:22
    at Function.process_params (/Users/azeezsodiq/Desktop/Lendsqr/lendsqr/node_modules/express/lib/router/index.js:341:12)
    at next (/Users/azeezsodiq/Desktop/Lendsqr/lendsqr/node_modules/express/lib/router/index.js:275:10)
    at Function.handle (/Users/azeezsodiq/Desktop/Lendsqr/lendsqr/node_modules/express/lib/router/index.js:174:3)
    at router (/Users/azeezsodiq/Desktop/Lendsqr/lendsqr/node_modules/express/lib/router/index.js:47:12)
    at Layer.handle [as handle_request] (/Users/azeezsodiq/Desktop/Lendsqr/lendsqr/node_modules/express/lib/router/layer.js:95:5)
    at trim_prefix (/Users/azeezsodiq/Desktop/Lendsqr/lendsqr/node_modules/express/lib/router/index.js:323:13)
    at /Users/azeezsodiq/Desktop/Lendsqr/lendsqr/node_modules/express/lib/router/index.js:284:7
    at Function.process_params (/Users/azeezsodiq/Desktop/Lendsqr/lendsqr/node_modules/express/lib/router/index.js:341:12)
    at next (/Users/azeezsodiq/Desktop/Lendsqr/lendsqr/node_modules/express/lib/router/index.js:275:10)
    at logger (/Users/azeezsodiq/Desktop/Lendsqr/lendsqr/node_modules/morgan/index.js:144:5)
    at Layer.handle [as handle_request] (/Users/azeezsodiq/Desktop/Lendsqr/lendsqr/node_modules/express/lib/router/layer.js:95:5)
    at trim_prefix (/Users/azeezsodiq/Desktop/Lendsqr/lendsqr/node_modules/express/lib/router/index.js:323:13)
    at /Users/azeezsodiq/Desktop/Lendsqr/lendsqr/node_modules/express/lib/router/index.js:284:7 {}
2022-03-10T14:06:47.341Z [INFO   ] : i am listening on 8700  {}
2022-03-10T14:08:35.143Z [INFO   ] : i am listening on 8700  {}
2022-03-10T14:09:29.126Z [INFO   ] : i am listening on 8700  {}
2022-03-10T14:10:28.957Z [INFO   ] : i am listening on 8700  {}
2022-03-10T14:11:02.096Z [INFO   ] : i am listening on 8700  {}
2022-03-10T14:11:56.375Z [INFO   ] : i am listening on 8700  {}
2022-03-10T14:13:46.514Z [INFO   ] : i am listening on 8700  {}
2022-03-10T14:16:40.728Z [INFO   ] : i am listening on 8700  {}
2022-03-10T14:18:45.928Z [INFO   ] : i am listening on 8700  {}
2022-03-10T14:21:03.384Z [INFO   ] : i am listening on 8700  {}
2022-03-10T14:22:44.151Z [INFO   ] : i am listening on 8700  {}
2022-03-10T14:23:14.621Z [INFO   ] : i am listening on 8700  {}
2022-03-10T14:32:44.709Z [INFO   ] : i am listening on 8700  {}
2022-03-10T14:33:18.550Z [INFO   ] : i am listening on 8700  {}
2022-03-10T14:33:44.863Z [INFO   ] : i am listening on 8700  {}
2022-03-10T14:37:04.770Z [INFO   ] : i am listening on 8700  {}
2022-03-10T15:07:21.175Z [INFO   ] : i am listening on 8700  {}
2022-03-10T18:12:28.951Z [INFO   ] : i am listening on 8700  {}
2022-03-10T18:38:34.693Z [INFO   ] : i am listening on 8700  {}
2022-03-10T18:39:13.022Z [INFO   ] : i am listening on 8700  {}
2022-03-10T18:48:19.675Z [INFO   ] : i am listening on 8700  {}
2022-03-10T18:48:22.338Z [INFO   ] : i am listening on 8700  {}
2022-03-10T18:52:22.099Z [INFO   ] : i am listening on 8700  {}
2022-03-10T22:36:12.110Z [INFO   ] : i am listening on 8700  {}
2022-03-10T22:39:25.638Z [INFO   ] : i am listening on 8700  {}
2022-03-10T22:52:09.335Z [INFO   ] : i am listening on 8700  {}
2022-03-10T22:52:36.672Z [INFO   ] : i am listening on 8700  {}
2022-03-10T22:55:56.683Z [INFO   ] : i am listening on 8700  {}
2022-03-10T22:57:11.353Z [INFO   ] : i am listening on 8700  {}
2022-03-10T22:57:29.635Z [INFO   ] : i am listening on 8700  {}
2022-03-10T22:59:08.251Z [INFO   ] : i am listening on 8700  {}
2022-03-10T23:06:55.225Z [INFO   ] : i am listening on 8700  {}
2022-03-10T23:08:04.484Z [INFO   ] : i am listening on 8700  {}
2022-03-10T23:08:31.701Z [INFO   ] : i am listening on 8700  {}
2022-03-10T23:09:18.546Z [INFO   ] : i am listening on 8700  {}
2022-03-10T23:11:08.250Z [INFO   ] : i am listening on 8700  {}
2022-03-10T23:12:03.330Z [INFO   ] : i am listening on 8700  {}
2022-03-10T23:12:10.822Z [INFO   ] : i am listening on 8700  {}
2022-03-10T23:13:10.642Z [INFO   ] : i am listening on 8700  {}
2022-03-10T23:14:41.141Z [INFO   ] : i am listening on 8700  {}
2022-03-10T23:15:48.884Z [INFO   ] : i am listening on 8700  {}
2022-03-10T23:17:23.931Z [INFO   ] : i am listening on 8700  {}
2022-03-10T23:20:38.934Z [INFO   ] : i am listening on 8700  {}
2022-03-10T23:21:35.780Z [INFO   ] : i am listening on 8700  {}
2022-03-10T23:22:22.462Z [INFO   ] : i am listening on 8700  {}
2022-03-11T07:18:57.550Z [INFO   ] : i am listening on 8700  {}
2022-03-11T07:21:33.857Z [INFO   ] : i am listening on 8700  {}
2022-03-11T07:24:18.161Z [INFO   ] : i am listening on 8700  {}
2022-03-11T07:24:42.127Z [INFO   ] : i am listening on 8700  {}
2022-03-11T07:26:11.369Z [INFO   ] : i am listening on 8700  {}
2022-03-11T07:28:28.183Z [INFO   ] : Seems you got lost. so sorry {}
2022-03-11T07:30:00.958Z [INFO   ] : i am listening on 8700  {}
2022-03-11T07:38:54.146Z [INFO   ] : i am listening on 8700  {}
2022-03-11T07:40:30.199Z [INFO   ] : i am listening on 8700  {}
2022-03-11T07:41:54.650Z [INFO   ] : i am listening on 8700  {}
2022-03-11T07:47:19.892Z [INFO   ] : i am listening on 8700  {}
2022-03-11T07:47:57.127Z [INFO   ] : i am listening on 8700  {}
2022-03-11T07:50:21.375Z [INFO   ] : i am listening on 8700  {}
2022-03-11T07:50:58.139Z [INFO   ] : i am listening on 8700  {}
2022-03-11T07:52:07.539Z [INFO   ] : i am listening on 8700  {}
2022-03-11T07:52:47.259Z [INFO   ] : i am listening on 8700  {}
2022-03-11T07:55:00.952Z [INFO   ] : i am listening on 8700  {}
2022-03-11T07:56:39.885Z [INFO   ] : i am listening on 8700  {}
2022-03-11T08:03:44.682Z [INFO   ] : i am listening on 8700  {}
2022-03-11T08:05:42.405Z [INFO   ] : i am listening on 8700  {}
2022-03-11T08:06:05.561Z [INFO   ] : i am listening on 8700  {}
2022-03-11T08:06:53.384Z [INFO   ] : i am listening on 8700  {}
2022-03-11T08:07:38.170Z [INFO   ] : i am listening on 8700  {}
2022-03-11T08:08:03.715Z [INFO   ] : i am listening on 8700  {}
2022-03-11T08:11:45.952Z [INFO   ] : i am listening on 8700  {}
2022-03-11T08:17:17.309Z [INFO   ] : i am listening on 8700  {}
2022-03-11T08:17:35.698Z [INFO   ] : i am listening on 8700  {}
2022-03-11T08:24:45.225Z [INFO   ] : i am listening on 8700  {}
2022-03-11T08:25:53.332Z [INFO   ] : i am listening on 8700  {}
2022-03-11T08:27:59.161Z [INFO   ] : i am listening on 8700  {}
2022-03-11T08:28:39.363Z [INFO   ] : i am listening on 8700  {}
2022-03-11T08:37:39.778Z [INFO   ] : i am listening on 8700  {}
2022-03-11T08:41:31.246Z [INFO   ] : i am listening on 8700  {}
2022-03-11T08:48:13.235Z [INFO   ] : i am listening on 8700  {}
2022-03-11T08:49:23.977Z [INFO   ] : i am listening on 8700  {}
2022-03-11T08:57:13.750Z [INFO   ] : i am listening on 8700  {}
2022-03-11T08:58:27.977Z [INFO   ] : i am listening on 8700  {}
2022-03-11T09:00:32.700Z [INFO   ] : i am listening on 8700  {}
2022-03-11T09:01:54.077Z [INFO   ] : i am listening on 8700  {}
2022-03-11T09:02:16.683Z [INFO   ] : i am listening on 8700  {}
2022-03-11T09:03:35.573Z [INFO   ] : i am listening on 8700  {}
2022-03-11T09:04:22.417Z [INFO   ] : i am listening on 8700  {}
2022-03-11T09:05:04.914Z [INFO   ] : i am listening on 8700  {}
2022-03-11T09:05:58.066Z [INFO   ] : i am listening on 8700  {}
2022-03-11T09:06:47.672Z [INFO   ] : i am listening on 8700  {}
2022-03-11T09:07:41.292Z [INFO   ] : i am listening on 8700  {}
2022-03-11T09:14:13.745Z [INFO   ] : i am listening on 8700  {}
2022-03-11T09:17:58.400Z [INFO   ] : i am listening on 8700  {}
2022-03-11T09:18:49.372Z [INFO   ] : i am listening on 8700  {}
2022-03-11T09:19:25.844Z [INFO   ] : i am listening on 8700  {}
2022-03-11T09:20:06.402Z [INFO   ] : i am listening on 8700  {}
2022-03-11T09:21:49.194Z [INFO   ] : i am listening on 8700  {}
2022-03-11T09:23:21.870Z [INFO   ] : i am listening on 8700  {}
2022-03-11T09:27:52.931Z [INFO   ] : i am listening on 8700  {}
2022-03-11T09:30:12.794Z [INFO   ] : i am listening on 8700  {}
2022-03-11T09:33:06.510Z [INFO   ] : i am listening on 8700  {}
2022-03-11T09:33:49.130Z [INFO   ] : i am listening on 8700  {}
2022-03-11T09:34:11.885Z [INFO   ] : i am listening on 8700  {}
2022-03-11T09:34:26.951Z [INFO   ] : i am listening on 8700  {}
2022-03-11T10:05:52.189Z [INFO   ] : i am listening on 8700  {}
2022-03-11T11:14:27.740Z [INFO   ] : i am listening on 8700  {}
2022-03-11T11:20:51.151Z [INFO   ] : i am listening on 8700  {}
2022-03-11T11:24:35.231Z [INFO   ] : i am listening on 8700  {}
2022-03-11T11:25:36.311Z [INFO   ] : i am listening on 8700  {}
2022-03-11T11:27:40.765Z [INFO   ] : i am listening on 8700  {}
2022-03-11T11:28:16.782Z [INFO   ] : i am listening on 8700  {}
2022-03-11T11:33:39.648Z [INFO   ] : i am listening on 8700  {}
2022-03-11T11:34:08.211Z [INFO   ] : i am listening on 8700  {}
2022-03-11T12:00:26.560Z [INFO   ] : i am listening on 8700  {}
2022-03-11T12:01:58.343Z [INFO   ] : i am listening on 8700  {}
2022-03-11T13:01:02.937Z [INFO   ] : i am listening on 8700  {}
2022-03-11T13:12:38.634Z [INFO   ] : i am listening on 8700  {}
2022-03-11T13:14:36.787Z [INFO   ] : i am listening on 8700  {}
2022-03-11T13:15:25.164Z [INFO   ] : i am listening on 8700  {}
2022-03-11T13:16:01.556Z [INFO   ] : i am listening on 8700  {}
2022-03-11T14:11:44.405Z [INFO   ] : i am listening on 8700  {}
2022-03-11T14:13:01.503Z [INFO   ] : i am listening on 8700  {}
2022-03-11T14:13:33.783Z [INFO   ] : i am listening on 8700  {}
2022-03-11T14:14:17.896Z [INFO   ] : i am listening on 8700  {}
2022-03-11T14:14:52.247Z [INFO   ] : i am listening on 8700  {}
2022-03-11T14:19:58.982Z [INFO   ] : Seems you got lost. so sorry {}
2022-03-11T14:19:59.116Z [INFO   ] : Seems you got lost. so sorry {}
2022-03-11T14:20:36.301Z [INFO   ] : Seems you got lost. so sorry {}
2022-03-11T14:21:50.872Z [INFO   ] : i am listening on 8700  {}
2022-03-11T14:23:57.300Z [INFO   ] : i am listening on 8700  {}
2022-03-11T14:24:49.658Z [INFO   ] : i am listening on 8700  {}
2022-03-11T14:26:02.894Z [INFO   ] : i am listening on 8700  {}
2022-03-11T14:26:18.762Z [INFO   ] : i am listening on 8700  {}
2022-03-11T14:26:45.138Z [INFO   ] : i am listening on 8700  {}
2022-03-11T14:27:46.259Z [INFO   ] : Seems you got lost. so sorry {}
2022-03-11T14:30:04.384Z [INFO   ] : i am listening on 8700  {}
2022-03-11T14:32:44.587Z [INFO   ] : i am listening on 8700  {}
2022-03-11T14:32:51.959Z [INFO   ] : Seems you got lost. so sorry {}
2022-03-11T14:34:14.172Z [INFO   ] : i am listening on 8700  {}
2022-03-11T14:34:17.632Z [INFO   ] : Seems you got lost. so sorry {}
2022-03-11T14:35:43.696Z [INFO   ] : i am listening on 8700  {}
2022-03-11T14:39:18.334Z [INFO   ] : i am listening on 8700  {}
2022-03-11T14:39:57.587Z [INFO   ] : i am listening on 8700  {}
2022-03-11T14:44:55.707Z [INFO   ] : i am listening on 8700  {}
2022-03-11T14:45:37.400Z [INFO   ] : i am listening on 8700  {}
2022-03-11T14:46:18.531Z [INFO   ] : i am listening on 8700  {}
2022-03-11T14:51:34.309Z [INFO   ] : i am listening on 8700  {}
2022-03-11T14:54:32.630Z [INFO   ] : i am listening on 8700  {}
2022-03-11T14:54:47.821Z [INFO   ] : i am listening on 8700  {}
2022-03-11T14:55:03.507Z [INFO   ] : i am listening on 8700  {}
2022-03-11T14:57:51.985Z [INFO   ] : i am listening on 8700  {}
2022-03-11T15:00:00.510Z [INFO   ] : i am listening on 8700  {}
2022-03-11T15:01:41.657Z [INFO   ] : i am listening on 8700  {}
2022-03-11T15:02:21.113Z [INFO   ] : i am listening on 8700  {}
2022-03-11T15:03:08.614Z [INFO   ] : i am listening on 8700  {}
2022-03-11T15:03:20.246Z [INFO   ] : i am listening on 8700  {}
2022-03-11T15:05:35.139Z [INFO   ] : i am listening on 8700  {}
2022-03-11T15:06:09.450Z [INFO   ] : i am listening on 8700  {}
2022-03-11T15:06:40.242Z [INFO   ] : i am listening on 8700  {}
2022-03-11T15:07:52.124Z [INFO   ] : i am listening on 8700  {}
2022-03-11T15:08:35.081Z [INFO   ] : i am listening on 8700  {}
2022-03-11T15:41:05.952Z [INFO   ] : i am listening on 8700  {}
2022-03-11T15:46:48.679Z [INFO   ] : i am listening on 8700  {}
2022-03-11T15:55:15.706Z [INFO   ] : i am listening on 8700  {}
2022-03-11T15:58:24.489Z [INFO   ] : i am listening on 8700  {}
2022-03-11T15:58:33.312Z [INFO   ] : i am listening on 8700  {}
2022-03-11T15:59:50.288Z [INFO   ] : i am listening on 8700  {}
2022-03-11T16:03:59.247Z [INFO   ] : i am listening on 8700  {}
2022-03-11T16:05:59.447Z [INFO   ] : i am listening on 8700  {}
2022-03-11T16:06:40.236Z [INFO   ] : i am listening on 8700  {}
2022-03-11T16:14:57.485Z [INFO   ] : i am listening on 8700  {}
2022-03-11T16:17:54.167Z [INFO   ] : i am listening on 8700  {}
2022-03-11T16:17:56.725Z [INFO   ] : i am listening on 8700  {}
2022-03-11T16:20:22.252Z [INFO   ] : i am listening on 8700  {}
2022-03-11T16:22:12.626Z [INFO   ] : i am listening on 8700  {}
2022-03-11T16:24:44.757Z [INFO   ] : i am listening on 8700  {}
2022-03-11T16:25:55.778Z [INFO   ] : i am listening on 8700  {}
2022-03-11T16:28:29.917Z [INFO   ] : i am listening on 8700  {}
2022-03-11T16:29:34.612Z [INFO   ] : i am listening on 8700  {}
2022-03-11T16:34:00.285Z [INFO   ] : i am listening on 8700  {}
2022-03-11T16:34:24.890Z [INFO   ] : i am listening on 8700  {}
2022-03-11T16:38:29.790Z [INFO   ] : i am listening on 8700  {}
2022-03-11T16:38:49.890Z [INFO   ] : i am listening on 8700  {}
2022-03-11T16:43:51.479Z [INFO   ] : i am listening on 8700  {}
2022-03-11T16:45:58.510Z [INFO   ] : i am listening on 8700  {}
2022-03-11T16:47:05.147Z [INFO   ] : i am listening on 8700  {}
2022-03-11T16:53:43.486Z [INFO   ] : i am listening on 8700  {}
2022-03-11T16:56:43.673Z [INFO   ] : i am listening on 8700  {}
2022-03-11T17:03:12.441Z [INFO   ] : i am listening on 8700  {}
2022-03-11T17:09:17.602Z [INFO   ] : i am listening on 8700  {}
2022-03-11T17:11:49.655Z [INFO   ] : i am listening on 8700  {}
2022-03-11T17:14:56.055Z [INFO   ] : i am listening on 8700  {}
2022-03-11T17:16:23.923Z [INFO   ] : i am listening on 8700  {}
2022-03-11T17:16:32.481Z [INFO   ] : Seems you got lost. so sorry {}
2022-03-11T17:16:35.358Z [INFO   ] : Seems you got lost. so sorry {}
2022-03-11T17:16:48.322Z [INFO   ] : i am listening on 8700  {}
2022-03-11T17:26:23.737Z [INFO   ] : i am listening on 8700  {}
2022-03-11T17:26:26.253Z [INFO   ] : i am listening on 8700  {}
2022-03-11T17:29:26.573Z [INFO   ] : i am listening on 8700  {}
2022-03-11T17:30:14.701Z [INFO   ] : i am listening on 8700  {}
2022-03-11T17:32:56.735Z [INFO   ] : i am listening on 8700  {}
2022-03-11T17:35:52.700Z [INFO   ] : i am listening on 8700  {}
2022-03-11T17:41:25.410Z [INFO   ] : i am listening on 8700  {}
2022-03-11T17:42:18.246Z [INFO   ] : i am listening on 8700  {}
2022-03-11T17:49:57.028Z [INFO   ] : i am listening on 8700  {}
2022-03-11T17:50:39.937Z [INFO   ] : i am listening on 8700  {}
2022-03-11T17:51:38.494Z [INFO   ] : i am listening on 8700  {}
2022-03-11T17:58:06.845Z [INFO   ] : i am listening on 8700  {}
2022-03-11T18:00:11.337Z [INFO   ] : i am listening on 8700  {}
2022-03-11T18:00:32.485Z [INFO   ] : i am listening on 8700  {}
2022-03-11T18:01:10.080Z [INFO   ] : i am listening on 8700  {}
2022-03-11T20:02:15.330Z [INFO   ] : i am listening on 8700  {}
2022-03-11T20:03:27.489Z [INFO   ] : i am listening on 8700  {}
2022-03-11T20:11:06.580Z [INFO   ] : i am listening on 8700  {}
2022-03-11T20:14:49.526Z [INFO   ] : i am listening on 8700  {}
2022-03-11T20:15:12.886Z [INFO   ] : i am listening on 8700  {}
2022-03-11T20:15:14.142Z [INFO   ] : i am listening on 8700  {}
2022-03-11T20:18:10.630Z [INFO   ] : i am listening on 8700  {}
2022-03-11T20:18:51.573Z [INFO   ] : i am listening on 8700  {}
2022-03-11T20:21:03.112Z [INFO   ] : i am listening on 8700  {}
2022-03-11T20:21:37.929Z [INFO   ] : i am listening on 8700  {}
2022-03-11T20:29:47.793Z [INFO   ] : i am listening on 8700  {}
2022-03-11T20:32:17.503Z [INFO   ] : i am listening on 8700  {}
2022-03-11T20:33:54.523Z [INFO   ] : i am listening on 8700  {}
2022-03-11T20:40:52.665Z [INFO   ] : i am listening on 8700  {}
2022-03-11T20:40:53.850Z [INFO   ] : i am listening on 8700  {}
2022-03-11T20:46:52.404Z [INFO   ] : i am listening on 8700  {}
2022-03-11T20:47:32.915Z [INFO   ] : i am listening on 8700  {}
2022-03-11T20:48:50.608Z [INFO   ] : i am listening on 8700  {}
2022-03-11T20:53:03.763Z [INFO   ] : i am listening on 8700  {}
2022-03-11T20:53:58.453Z [INFO   ] : i am listening on 8700  {}
2022-03-11T20:54:14.986Z [INFO   ] : i am listening on 8700  {}
2022-03-11T20:54:21.706Z [INFO   ] : i am listening on 8700  {}
2022-03-11T20:55:00.317Z [INFO   ] : i am listening on 8700  {}
2022-03-11T20:56:12.036Z [INFO   ] : i am listening on 8700  {}
2022-03-11T20:59:25.449Z [INFO   ] : i am listening on 8700  {}
2022-03-11T21:01:32.362Z [INFO   ] : i am listening on 8700  {}
2022-03-11T21:04:21.816Z [INFO   ] : i am listening on 8700  {}
2022-03-11T22:18:49.400Z [INFO   ] : i am listening on 8700  {}
2022-03-11T22:36:10.039Z [INFO   ] : i am listening on 8700  {}
2022-03-11T23:20:49.839Z [INFO   ] : i am listening on 8700  {}
2022-03-11T23:22:44.255Z [INFO   ] : i am listening on 8700  {}
2022-03-11T23:33:53.909Z [INFO   ] : i am listening on 8700  {}
2022-03-11T23:35:19.983Z [INFO   ] : i am listening on 8700  {}
2022-03-11T23:37:23.023Z [INFO   ] : i am listening on 8700  {}
2022-03-11T23:40:13.659Z [INFO   ] : i am listening on 8700  {}
2022-03-11T23:41:36.667Z [INFO   ] : i am listening on 8700  {}
2022-03-11T23:42:20.318Z [INFO   ] : i am listening on 8700  {}
2022-03-11T23:51:28.495Z [INFO   ] : i am listening on 8700  {}
2022-03-11T23:54:02.627Z [INFO   ] : i am listening on 8700  {}
2022-03-11T23:56:16.282Z [INFO   ] : i am listening on 8700  {}
2022-03-11T23:57:42.814Z [INFO   ] : i am listening on 8700  {}
2022-03-11T23:58:38.229Z [INFO   ] : i am listening on 8700  {}
2022-03-12T00:00:45.803Z [INFO   ] : i am listening on 8700  {}
2022-03-12T00:02:15.758Z [INFO   ] : i am listening on 8700  {}
2022-03-12T00:03:37.143Z [INFO   ] : i am listening on 8700  {}
2022-03-12T00:04:52.783Z [INFO   ] : i am listening on 8700  {}
2022-03-12T00:07:42.893Z [INFO   ] : i am listening on 8700  {}
2022-03-12T00:16:31.232Z [INFO   ] : i am listening on 8700  {}
2022-03-12T00:19:39.357Z [INFO   ] : i am listening on 8700  {}
2022-03-12T00:20:52.903Z [INFO   ] : i am listening on 8700  {}
2022-03-12T00:21:52.474Z [INFO   ] : i am listening on 8700  {}
2022-03-12T00:26:37.035Z [INFO   ] : i am listening on 8700  {}
2022-03-12T00:27:07.772Z [INFO   ] : i am listening on 8700  {}
2022-03-12T00:33:02.446Z [INFO   ] : i am listening on 8700  {}
2022-03-12T00:33:04.621Z [INFO   ] : i am listening on 8700  {}
2022-03-12T00:33:45.194Z [INFO   ] : i am listening on 8700  {}
2022-03-12T00:33:47.303Z [INFO   ] : i am listening on 8700  {}
2022-03-12T00:38:16.412Z [INFO   ] : i am listening on 8700  {}
2022-03-12T00:38:18.400Z [INFO   ] : i am listening on 8700  {}
2022-03-12T09:14:03.679Z [INFO   ] : i am listening on 8700  {}
2022-03-12T09:14:05.937Z [INFO   ] : i am listening on 8700  {}
2022-03-12T09:14:08.303Z [INFO   ] : i am listening on 8700  {}
2022-03-12T09:14:10.868Z [INFO   ] : i am listening on 8700  {}
2022-03-12T09:15:17.294Z [INFO   ] : i am listening on 8700  {}
2022-03-12T09:15:19.343Z [INFO   ] : i am listening on 8700  {}
2022-03-12T10:18:06.985Z [INFO   ] : i am listening on 8700  {}
2022-03-12T10:22:12.929Z [INFO   ] : i am listening on 8700  {}
2022-03-12T10:22:14.899Z [INFO   ] : i am listening on 8700  {}
2022-03-12T10:26:37.136Z [INFO   ] : i am listening on 8700  {}
2022-03-12T12:54:37.465Z [INFO   ] : i am listening on 8700  {}
2022-03-12T12:54:54.176Z [INFO   ] : i am listening on 8700  {}
2022-03-12T12:54:56.381Z [INFO   ] : i am listening on 8700  {}
2022-03-12T12:54:56.744Z [INFO   ] : i am listening on 8700  {}
2022-03-12T12:54:58.798Z [INFO   ] : i am listening on 8700  {}
2022-03-12T12:54:59.150Z [INFO   ] : i am listening on 8700  {}
2022-03-12T12:55:01.141Z [INFO   ] : i am listening on 8700  {}
2022-03-12T12:55:01.517Z [INFO   ] : i am listening on 8700  {}
2022-03-12T13:11:43.377Z [INFO   ] : i am listening on 8700  {}
2022-03-12T13:11:45.360Z [INFO   ] : i am listening on 8700  {}
2022-03-12T13:12:31.447Z [INFO   ] : i am listening on 8700  {}
2022-03-12T13:13:07.451Z [INFO   ] : i am listening on 8700  {}
2022-03-12T13:35:06.129Z [INFO   ] : i am listening on 8700  {}
2022-03-12T13:35:58.853Z [INFO   ] : i am listening on 8700  {}
2022-03-12T13:37:03.742Z [INFO   ] : i am listening on 8700  {}
2022-03-12T13:39:43.009Z [INFO   ] : i am listening on 8700  {}
2022-03-12T13:40:38.733Z [INFO   ] : i am listening on 8700  {}
2022-03-12T13:42:56.699Z [INFO   ] : i am listening on 8700  {}
2022-03-12T13:44:48.570Z [INFO   ] : i am listening on 8700  {}
2022-03-12T13:47:36.827Z [INFO   ] : i am listening on 8700  {}
2022-03-12T13:47:36.839Z [INFO   ] : Seems there was validation error "balance" is not allowed {}
2022-03-12T13:48:19.950Z [INFO   ] : i am listening on 8700  {}
2022-03-12T13:48:19.985Z [INFO   ] : Seems there was validation error "balance" is not allowed {}
2022-03-12T13:49:18.686Z [INFO   ] : i am listening on 8700  {}
2022-03-12T13:50:24.912Z [INFO   ] : i am listening on 8700  {}
2022-03-12T13:51:55.751Z [INFO   ] : i am listening on 8700  {}
2022-03-12T13:55:27.364Z [INFO   ] : i am listening on 8700  {}
2022-03-12T14:00:38.931Z [INFO   ] : i am listening on 8700  {}
2022-03-12T14:11:47.074Z [INFO   ] : i am listening on 8700  {}
2022-03-12T14:12:29.303Z [INFO   ] : i am listening on 8700  {}
2022-03-12T15:08:40.049Z [INFO   ] : i am listening on 8700  {}
2022-03-12T15:16:36.129Z [INFO   ] : i am listening on 8700  {}
2022-03-12T15:19:07.728Z [INFO   ] : i am listening on 8700  {}
2022-03-12T15:23:07.409Z [INFO   ] : i am listening on 8700  {}
2022-03-12T15:25:27.789Z [INFO   ] : i am listening on 8700  {}
2022-03-12T15:32:27.761Z [INFO   ] : Seems you got lost. so sorry {}
2022-03-12T15:32:32.828Z [INFO   ] : Seems you got lost. so sorry {}
2022-03-12T15:32:59.072Z [INFO   ] : i am listening on 8700  {}
2022-03-12T15:33:00.830Z [INFO   ] : Seems you got lost. so sorry {}
2022-03-12T15:33:03.680Z [INFO   ] : Seems you got lost. so sorry {}
2022-03-12T15:33:29.844Z [INFO   ] : i am listening on 8700  {}
2022-03-12T15:35:05.170Z [INFO   ] : i am listening on 8700  {}
2022-03-12T16:13:54.327Z [INFO   ] : i am listening on 8700  {}
2022-03-12T16:15:27.220Z [INFO   ] : i am listening on 8700  {}
2022-03-12T16:19:07.172Z [INFO   ] : i am listening on 8700  {}
2022-03-12T16:24:55.056Z [INFO   ] : Seems you got lost. so sorry {}
2022-03-12T16:27:32.420Z [INFO   ] : i am listening on 8700  {}
2022-03-12T16:29:40.985Z [INFO   ] : i am listening on 8700  {}
2022-03-12T16:30:20.249Z [INFO   ] : i am listening on 8700  {}
2022-03-12T17:02:45.207Z [INFO   ] : i am listening on 8700  {}
2022-03-12T17:03:18.110Z [INFO   ] : i am listening on 8700  {}
2022-03-12T17:03:30.156Z [INFO   ] : i am listening on 8700  {}
2022-03-12T17:04:59.822Z [INFO   ] : i am listening on 8700  {}
